0 info it worked if it ends with ok
1 verbose cli [ '/usr/bin/node', '/usr/bin/npm', 'install', 'commanders' ]
2 info using npm@1.4.28
3 info using node@v0.10.37
4 verbose node symlink /usr/bin/node
5 verbose cache add [ 'commanders', null ]
6 verbose cache add name=undefined spec="commanders" args=["commanders",null]
7 verbose parsed url { protocol: null,
7 verbose parsed url   slashes: null,
7 verbose parsed url   auth: null,
7 verbose parsed url   host: null,
7 verbose parsed url   port: null,
7 verbose parsed url   hostname: null,
7 verbose parsed url   hash: null,
7 verbose parsed url   search: null,
7 verbose parsed url   query: null,
7 verbose parsed url   pathname: 'commanders',
7 verbose parsed url   path: 'commanders',
7 verbose parsed url   href: 'commanders' }
8 silly lockFile 19534d91-commanders commanders
9 verbose lock commanders /home/ubuntu/.npm/19534d91-commanders.lock
10 silly lockFile 19534d91-commanders commanders
11 silly lockFile 19534d91-commanders commanders
12 verbose addNamed [ 'commanders', '' ]
13 verbose addNamed [ null, '*' ]
14 silly lockFile 38ef15cd-commanders commanders@
15 verbose lock commanders@ /home/ubuntu/.npm/38ef15cd-commanders.lock
16 silly addNameRange { name: 'commanders', range: '*', hasData: false }
17 verbose request where is /commanders
18 verbose request registry https://registry.npmjs.org/
19 verbose request id 1ed9bde42a1a3803
20 verbose url raw /commanders
21 verbose url resolving [ 'https://registry.npmjs.org/', './commanders' ]
22 verbose url resolved https://registry.npmjs.org/commanders
23 verbose request where is https://registry.npmjs.org/commanders
24 info trying registry request attempt 1 at 06:53:19
25 http GET https://registry.npmjs.org/commanders
26 http 404 https://registry.npmjs.org/commanders
27 silly registry.get cb [ 404,
27 silly registry.get   { server: 'CouchDB/1.5.0 (Erlang OTP/R16B03)',
27 silly registry.get     etag: '"6TF8W1D36IMC2EB8QJ4A2W4C5"',
27 silly registry.get     'content-type': 'application/json',
27 silly registry.get     'cache-control': 'max-age=0',
27 silly registry.get     'content-length': '425',
27 silly registry.get     'accept-ranges': 'bytes',
27 silly registry.get     date: 'Tue, 19 Apr 2016 06:55:09 GMT',
27 silly registry.get     via: '1.1 varnish',
27 silly registry.get     age: '0',
27 silly registry.get     connection: 'keep-alive',
27 silly registry.get     'x-served-by': 'cache-sjc3121-SJC',
27 silly registry.get     'x-cache': 'MISS',
27 silly registry.get     'x-cache-hits': '0',
27 silly registry.get     'x-timer': 'S1461048909.122820,VS0,VE33',
27 silly registry.get     vary: 'Accept-Encoding' } ]
28 silly lockFile 38ef15cd-commanders commanders@
29 silly lockFile 38ef15cd-commanders commanders@
30 error 404 Not Found
30 error 404
30 error 404 'commanders' is not in the npm registry.
30 error 404 You should bug the author to publish it
30 error 404
30 error 404 Note that you can also install from a
30 error 404 tarball, folder, or http url, or git url.
31 error System Linux 3.13.0-74-generic
32 error command "/usr/bin/node" "/usr/bin/npm" "install" "commanders"
33 error cwd /home/ubuntu/patternmatch
34 error node -v v0.10.37
35 error npm -v 1.4.28
36 error code E404
37 verbose exit [ 1, true ]
